1651998840846	geckodriver	INFO	Listening on 127.0.0.1:39481
1651998841352	mozrunner::runner	INFO	Running command: "/usr/bin/firefox" "--marionette" "--remote-debugging-port" "45597" "-no-remote" "-profile" "/tmp/rust_mozprofileB8Z0E2"
ATTENTION: default value of option mesa_glthread overridden by environment.
ATTENTION: default value of option mesa_glthread overridden by environment.
ATTENTION: default value of option mesa_glthread overridden by environment.
ATTENTION: default value of option mesa_glthread overridden by environment.
1651998841931	Marionette	INFO	Marionette enabled
console.warn: SearchSettings: "get: No settings file exists, new profile?" (new NotFoundError("Could not open the file at /tmp/rust_mozprofileB8Z0E2/search.json.mozlz4", (void 0)))
DevTools listening on ws://localhost:45597/devtools/browser/700d4fce-0c4c-40d8-9cf6-01a8f842fd02
1651998842783	Marionette	INFO	Listening on port 39973
1651998842870	RemoteAgent	WARN	TLS certificate errors will be ignored for this session
1651998849326	Marionette	INFO	Stopped listening on port 39973
console.warn: TopSitesFeed: Failed to fetch data from Contile server: NetworkError when attempting to fetch resource.
JavaScript error: chrome://remote/content/marionette/cert.js, line 55: NS_ERROR_NOT_AVAILABLE: Component returned failure code: 0x80040111 (NS_ERROR_NOT_AVAILABLE) [nsICertOverrideService.setDisableAllSecurityChecksAndLetAttackersInterceptMyData]

###!!! [Parent][PImageBridgeParent] Error: RunMessage(msgname=PImageBridge::Msg_WillClose) Channel closing: too late to send/recv, messages will be lost

1651998849749	geckodriver::marionette	ERROR	Failed to close browser connection: Transport endpoint is not connected (os error 107)
1651999414584	geckodriver	INFO	Listening on 127.0.0.1:39425
1651999414586	mozrunner::runner	INFO	Running command: "/usr/bin/firefox" "--marionette" "--remote-debugging-port" "59727" "-no-remote" "-profile" "/tmp/rust_mozprofile6LVeRm"
ATTENTION: default value of option mesa_glthread overridden by environment.
ATTENTION: default value of option mesa_glthread overridden by environment.
ATTENTION: default value of option mesa_glthread overridden by environment.
ATTENTION: default value of option mesa_glthread overridden by environment.
1651999415143	Marionette	INFO	Marionette enabled
console.warn: SearchSettings: "get: No settings file exists, new profile?" (new NotFoundError("Could not open the file at /tmp/rust_mozprofile6LVeRm/search.json.mozlz4", (void 0)))
DevTools listening on ws://localhost:59727/devtools/browser/6b16bc02-4490-457e-8ad8-2679fb3723e9
1651999415989	Marionette	INFO	Listening on port 40043
1651999416004	RemoteAgent	WARN	TLS certificate errors will be ignored for this session
1651999499981	geckodriver	INFO	Listening on 127.0.0.1:43015
1651999499984	mozrunner::runner	INFO	Running command: "/usr/bin/firefox" "--marionette" "--remote-debugging-port" "36385" "-no-remote" "-profile" "/tmp/rust_mozprofileY1lLPh"
ATTENTION: default value of option mesa_glthread overridden by environment.
ATTENTION: default value of option mesa_glthread overridden by environment.
ATTENTION: default value of option mesa_glthread overridden by environment.
ATTENTION: default value of option mesa_glthread overridden by environment.
1651999500543	Marionette	INFO	Marionette enabled
console.warn: SearchSettings: "get: No settings file exists, new profile?" (new NotFoundError("Could not open the file at /tmp/rust_mozprofileY1lLPh/search.json.mozlz4", (void 0)))
DevTools listening on ws://localhost:36385/devtools/browser/d9813184-7f5b-4e3f-94de-2845aa2c1d63
1651999501332	Marionette	INFO	Listening on port 45483
1651999501398	RemoteAgent	WARN	TLS certificate errors will be ignored for this session
1651999535940	geckodriver	INFO	Listening on 127.0.0.1:35419
1651999535943	mozrunner::runner	INFO	Running command: "/usr/bin/firefox" "--marionette" "--remote-debugging-port" "45781" "-no-remote" "-profile" "/tmp/rust_mozprofileS2k3aA"
ATTENTION: default value of option mesa_glthread overridden by environment.
ATTENTION: default value of option mesa_glthread overridden by environment.
ATTENTION: default value of option mesa_glthread overridden by environment.
ATTENTION: default value of option mesa_glthread overridden by environment.
1651999536552	Marionette	INFO	Marionette enabled
console.warn: SearchSettings: "get: No settings file exists, new profile?" (new NotFoundError("Could not open the file at /tmp/rust_mozprofileS2k3aA/search.json.mozlz4", (void 0)))
DevTools listening on ws://localhost:45781/devtools/browser/95ff4627-5a51-4897-a16d-c6f746d84174
1651999537463	Marionette	INFO	Listening on port 37853
1651999537566	RemoteAgent	WARN	TLS certificate errors will be ignored for this session
1651999583520	geckodriver	INFO	Listening on 127.0.0.1:44199
1651999583522	mozrunner::runner	INFO	Running command: "/usr/bin/firefox" "--marionette" "--remote-debugging-port" "46543" "-no-remote" "-profile" "/tmp/rust_mozprofile0EHqa8"
ATTENTION: default value of option mesa_glthread overridden by environment.
ATTENTION: default value of option mesa_glthread overridden by environment.
ATTENTION: default value of option mesa_glthread overridden by environment.
ATTENTION: default value of option mesa_glthread overridden by environment.
1651999584075	Marionette	INFO	Marionette enabled
console.warn: SearchSettings: "get: No settings file exists, new profile?" (new NotFoundError("Could not open the file at /tmp/rust_mozprofile0EHqa8/search.json.mozlz4", (void 0)))
DevTools listening on ws://localhost:46543/devtools/browser/e6b05d27-eac4-4dcf-9f16-853a806dfebf
1651999584895	Marionette	INFO	Listening on port 35127
1651999584940	RemoteAgent	WARN	TLS certificate errors will be ignored for this session
1651999612198	geckodriver	INFO	Listening on 127.0.0.1:35141
1651999612202	mozrunner::runner	INFO	Running command: "/usr/bin/firefox" "--marionette" "--remote-debugging-port" "52627" "-no-remote" "-profile" "/tmp/rust_mozprofileGO1FeK"
ATTENTION: default value of option mesa_glthread overridden by environment.
ATTENTION: default value of option mesa_glthread overridden by environment.
ATTENTION: default value of option mesa_glthread overridden by environment.
ATTENTION: default value of option mesa_glthread overridden by environment.
1651999612782	Marionette	INFO	Marionette enabled
console.warn: SearchSettings: "get: No settings file exists, new profile?" (new NotFoundError("Could not open the file at /tmp/rust_mozprofileGO1FeK/search.json.mozlz4", (void 0)))
DevTools listening on ws://localhost:52627/devtools/browser/37521014-4202-4cd7-bf67-79887dc02128
1651999613666	Marionette	INFO	Listening on port 39473
1651999613721	RemoteAgent	WARN	TLS certificate errors will be ignored for this session
1651999645910	geckodriver	INFO	Listening on 127.0.0.1:40137
1651999645912	mozrunner::runner	INFO	Running command: "/usr/bin/firefox" "--marionette" "--remote-debugging-port" "36691" "-no-remote" "-profile" "/tmp/rust_mozprofilePDb6hw"
ATTENTION: default value of option mesa_glthread overridden by environment.
ATTENTION: default value of option mesa_glthread overridden by environment.
ATTENTION: default value of option mesa_glthread overridden by environment.
ATTENTION: default value of option mesa_glthread overridden by environment.
1651999646466	Marionette	INFO	Marionette enabled
console.warn: SearchSettings: "get: No settings file exists, new profile?" (new NotFoundError("Could not open the file at /tmp/rust_mozprofilePDb6hw/search.json.mozlz4", (void 0)))
DevTools listening on ws://localhost:36691/devtools/browser/6b748e70-9acb-4408-b110-b409cf05cb12
1651999647284	Marionette	INFO	Listening on port 33729
1651999647334	RemoteAgent	WARN	TLS certificate errors will be ignored for this session
1651999746124	geckodriver	INFO	Listening on 127.0.0.1:55967
1651999746126	mozrunner::runner	INFO	Running command: "/usr/bin/firefox" "--marionette" "--remote-debugging-port" "58585" "-no-remote" "-profile" "/tmp/rust_mozprofileo0laCU"
ATTENTION: default value of option mesa_glthread overridden by environment.
ATTENTION: default value of option mesa_glthread overridden by environment.
ATTENTION: default value of option mesa_glthread overridden by environment.
ATTENTION: default value of option mesa_glthread overridden by environment.
1651999746713	Marionette	INFO	Marionette enabled
console.warn: SearchSettings: "get: No settings file exists, new profile?" (new NotFoundError("Could not open the file at /tmp/rust_mozprofileo0laCU/search.json.mozlz4", (void 0)))
DevTools listening on ws://localhost:58585/devtools/browser/dcf4768e-9392-4a86-940e-13d9931cd13a
1651999747820	Marionette	INFO	Listening on port 33507
1651999747847	RemoteAgent	WARN	TLS certificate errors will be ignored for this session
1651999808378	Marionette	INFO	Stopped listening on port 40043
console.warn: TopSitesFeed: Failed to fetch data from Contile server: NetworkError when attempting to fetch resource.

###!!! [Parent][PImageBridgeParent] Error: RunMessage(msgname=PImageBridge::Msg_WillClose) Channel closing: too late to send/recv, messages will be lost

1651999810315	Marionette	INFO	Stopped listening on port 45483
console.warn: TopSitesFeed: Failed to fetch data from Contile server: NetworkError when attempting to fetch resource.

###!!! [Parent][PImageBridgeParent] Error: RunMessage(msgname=PImageBridge::Msg_WillClose) Channel closing: too late to send/recv, messages will be lost

1651999813525	Marionette	INFO	Stopped listening on port 37853
console.warn: TopSitesFeed: Failed to fetch data from Contile server: NetworkError when attempting to fetch resource.

###!!! [Parent][PImageBridgeParent] Error: RunMessage(msgname=PImageBridge::Msg_WillClose) Channel closing: too late to send/recv, messages will be lost

1651999815127	Marionette	INFO	Stopped listening on port 35127
console.warn: TopSitesFeed: Failed to fetch data from Contile server: NetworkError when attempting to fetch resource.

###!!! [Parent][PImageBridgeParent] Error: RunMessage(msgname=PImageBridge::Msg_WillClose) Channel closing: too late to send/recv, messages will be lost

1651999816761	Marionette	INFO	Stopped listening on port 39473
console.warn: TopSitesFeed: Failed to fetch data from Contile server: NetworkError when attempting to fetch resource.

###!!! [Parent][PImageBridgeParent] Error: RunMessage(msgname=PImageBridge::Msg_WillClose) Channel closing: too late to send/recv, messages will be lost

1651999818112	Marionette	INFO	Stopped listening on port 33729
console.warn: TopSitesFeed: Failed to fetch data from Contile server: NetworkError when attempting to fetch resource.
1651999819889	Marionette	INFO	Stopped listening on port 33507
console.warn: TopSitesFeed: Failed to fetch data from Contile server: NetworkError when attempting to fetch resource.

###!!! [Parent][PImageBridgeParent] Error: RunMessage(msgname=PImageBridge::Msg_WillClose) Channel closing: too late to send/recv, messages will be lost

1651999864635	geckodriver	INFO	Listening on 127.0.0.1:46061
1651999864637	mozrunner::runner	INFO	Running command: "/usr/bin/firefox" "--marionette" "--remote-debugging-port" "46767" "-no-remote" "-profile" "/tmp/rust_mozprofileoWRJaP"
ATTENTION: default value of option mesa_glthread overridden by environment.
ATTENTION: default value of option mesa_glthread overridden by environment.
ATTENTION: default value of option mesa_glthread overridden by environment.
ATTENTION: default value of option mesa_glthread overridden by environment.
1651999865195	Marionette	INFO	Marionette enabled
console.warn: SearchSettings: "get: No settings file exists, new profile?" (new NotFoundError("Could not open the file at /tmp/rust_mozprofileoWRJaP/search.json.mozlz4", (void 0)))
DevTools listening on ws://localhost:46767/devtools/browser/8214cd58-3d61-4e5f-ab80-68f9fc93d89d
1651999866013	Marionette	INFO	Listening on port 32985
1651999866060	RemoteAgent	WARN	TLS certificate errors will be ignored for this session
1651999877684	geckodriver	INFO	Listening on 127.0.0.1:46069
1651999877687	mozrunner::runner	INFO	Running command: "/usr/bin/firefox" "--marionette" "--remote-debugging-port" "53323" "-no-remote" "-profile" "/tmp/rust_mozprofilexIr0nK"
ATTENTION: default value of option mesa_glthread overridden by environment.
ATTENTION: default value of option mesa_glthread overridden by environment.
ATTENTION: default value of option mesa_glthread overridden by environment.
ATTENTION: default value of option mesa_glthread overridden by environment.
1651999878241	Marionette	INFO	Marionette enabled
console.warn: SearchSettings: "get: No settings file exists, new profile?" (new NotFoundError("Could not open the file at /tmp/rust_mozprofilexIr0nK/search.json.mozlz4", (void 0)))
DevTools listening on ws://localhost:53323/devtools/browser/7ade8af1-c5a0-48c3-a869-432be48799cd
1651999879025	Marionette	INFO	Listening on port 46477
1651999879101	RemoteAgent	WARN	TLS certificate errors will be ignored for this session
1651999928117	geckodriver	INFO	Listening on 127.0.0.1:58839
1651999928120	mozrunner::runner	INFO	Running command: "/usr/bin/firefox" "--marionette" "--remote-debugging-port" "37517" "-no-remote" "-profile" "/tmp/rust_mozprofile8ixhYq"
ATTENTION: default value of option mesa_glthread overridden by environment.
ATTENTION: default value of option mesa_glthread overridden by environment.
ATTENTION: default value of option mesa_glthread overridden by environment.
ATTENTION: default value of option mesa_glthread overridden by environment.
1651999928679	Marionette	INFO	Marionette enabled
console.warn: SearchSettings: "get: No settings file exists, new profile?" (new NotFoundError("Could not open the file at /tmp/rust_mozprofile8ixhYq/search.json.mozlz4", (void 0)))
DevTools listening on ws://localhost:37517/devtools/browser/1e26e4de-f189-4420-910e-a3e51f9eceac
1651999929472	Marionette	INFO	Listening on port 38433
1651999929533	RemoteAgent	WARN	TLS certificate errors will be ignored for this session
1651999947763	geckodriver	INFO	Listening on 127.0.0.1:54947
1651999947766	mozrunner::runner	INFO	Running command: "/usr/bin/firefox" "--marionette" "--remote-debugging-port" "52899" "-no-remote" "-profile" "/tmp/rust_mozprofileuWVYF4"
ATTENTION: default value of option mesa_glthread overridden by environment.
ATTENTION: default value of option mesa_glthread overridden by environment.
ATTENTION: default value of option mesa_glthread overridden by environment.
ATTENTION: default value of option mesa_glthread overridden by environment.
1651999948346	Marionette	INFO	Marionette enabled
console.warn: SearchSettings: "get: No settings file exists, new profile?" (new NotFoundError("Could not open the file at /tmp/rust_mozprofileuWVYF4/search.json.mozlz4", (void 0)))
DevTools listening on ws://localhost:52899/devtools/browser/71969e16-3137-4fbf-b060-7975930dccb9
1651999949136	Marionette	INFO	Listening on port 33893
1651999949186	RemoteAgent	WARN	TLS certificate errors will be ignored for this session
1651999960723	Marionette	INFO	Stopped listening on port 32985
console.warn: TopSitesFeed: Failed to fetch data from Contile server: NetworkError when attempting to fetch resource.

###!!! [Parent][PImageBridgeParent] Error: RunMessage(msgname=PImageBridge::Msg_WillClose) Channel closing: too late to send/recv, messages will be lost

1651999961759	Marionette	INFO	Stopped listening on port 46477
console.warn: TopSitesFeed: Failed to fetch data from Contile server: NetworkError when attempting to fetch resource.

###!!! [Parent][PImageBridgeParent] Error: RunMessage(msgname=PImageBridge::Msg_WillClose) Channel closing: too late to send/recv, messages will be lost

1651999962890	Marionette	INFO	Stopped listening on port 38433
console.warn: TopSitesFeed: Failed to fetch data from Contile server: NetworkError when attempting to fetch resource.

###!!! [Parent][PImageBridgeParent] Error: RunMessage(msgname=PImageBridge::Msg_WillClose) Channel closing: too late to send/recv, messages will be lost

1651999965737	Marionette	INFO	Stopped listening on port 33893
console.warn: TopSitesFeed: Failed to fetch data from Contile server: NetworkError when attempting to fetch resource.

###!!! [Parent][PImageBridgeParent] Error: RunMessage(msgname=PImageBridge::Msg_WillClose) Channel closing: too late to send/recv, messages will be lost

1652000076214	geckodriver	INFO	Listening on 127.0.0.1:60571
1652000076218	mozrunner::runner	INFO	Running command: "/usr/bin/firefox" "--marionette" "--remote-debugging-port" "58117" "-no-remote" "-profile" "/tmp/rust_mozprofileKPQ1ft"
ATTENTION: default value of option mesa_glthread overridden by environment.
ATTENTION: default value of option mesa_glthread overridden by environment.
ATTENTION: default value of option mesa_glthread overridden by environment.
ATTENTION: default value of option mesa_glthread overridden by environment.
1652000076764	Marionette	INFO	Marionette enabled
console.warn: SearchSettings: "get: No settings file exists, new profile?" (new NotFoundError("Could not open the file at /tmp/rust_mozprofileKPQ1ft/search.json.mozlz4", (void 0)))
DevTools listening on ws://localhost:58117/devtools/browser/ecc34da9-7dc7-4c5e-a017-71d79076c5df
1652000077555	Marionette	INFO	Listening on port 44447
1652000077632	RemoteAgent	WARN	TLS certificate errors will be ignored for this session
1652000303850	geckodriver	INFO	Listening on 127.0.0.1:36161
1652000303852	mozrunner::runner	INFO	Running command: "/usr/bin/firefox" "--marionette" "--remote-debugging-port" "34389" "-no-remote" "-profile" "/tmp/rust_mozprofilewbGcdZ"
ATTENTION: default value of option mesa_glthread overridden by environment.
ATTENTION: default value of option mesa_glthread overridden by environment.
ATTENTION: default value of option mesa_glthread overridden by environment.
ATTENTION: default value of option mesa_glthread overridden by environment.
1652000304415	Marionette	INFO	Marionette enabled
console.warn: SearchSettings: "get: No settings file exists, new profile?" (new NotFoundError("Could not open the file at /tmp/rust_mozprofilewbGcdZ/search.json.mozlz4", (void 0)))
DevTools listening on ws://localhost:34389/devtools/browser/d2fefb01-4353-462d-8f29-0a91ca95b397
1652000305202	Marionette	INFO	Listening on port 34195
1652000305269	RemoteAgent	WARN	TLS certificate errors will be ignored for this session
1652000305364	Marionette	INFO	Stopped listening on port 34195
console.error: Region.jsm: "Error fetching region" (new TypeError("NetworkError when attempting to fetch resource.", ""))
console.error: Region.jsm: "Failed to fetch region" (new Error("NO_RESULT", "resource://gre/modules/Region.jsm", 419))

###!!! [Parent][PImageBridgeParent] Error: RunMessage(msgname=PImageBridge::Msg_WillClose) Channel closing: too late to send/recv, messages will be lost

1652000376549	Marionette	INFO	Stopped listening on port 44447
console.warn: TopSitesFeed: Failed to fetch data from Contile server: NetworkError when attempting to fetch resource.
